<?xml version="1.0" encoding="UTF-8"?>
<!-- Generated by org.testng.reporters.JUnitReportReporter -->
<testsuite skipped="0" hostname="TEMS_D_WS199" name="Test.testtest" tests="2" failures="0" timestamp="2020-03-03T16:50:49 IST" time="0.007" errors="0">
  <testcase name="test2" time="0.001" classname="Test.testtest"/>
  <testcase name="test1" time="0.006" classname="Test.testtest"/>
</testsuite> <!-- Test.testtest -->
